3 10 16.962902 0.25074977
3 14 17.68907 0.21500199
3 19 15.316712 0.29522538
3 21 18.999952 0.1979863
3 25 12.41326 0.40069366
3 26 8.023096 0.8488643
3 30 14.312428 0.35971975
3 47 0.5307602 35.96361
3 51 9.346818 0.6380768
10 14 1.3819286 92.332115
10 19 10.930222 0.27954584
10 21 10.45512 0.3931255
10 25 19.16952 0.10671222
10 26 15.648226 0.14084816
10 30 14.869829 0.16701603
10 47 15.788361 0.17184305
10 51 14.818624 0.20661676
14 19 5.1741443 0.8111174
14 21 4.9560375 1.4666653
14 25 14.397786 0.16333342
14 26 11.708349 0.19147801
14 30 9.512662 0.41586494
14 47 13.989346 0.1523298
14 51 13.951819 0.20291531
19 21 3.1946712 2.046176
19 25 6.248373 1.2186023
19 26 2.393201 15.602311
19 30 0.41030788 83.37365
19 47 10.974168 0.22979864
19 51 12.660803 0.19318604
21 25 7.938757 0.29129934
21 26 7.714526 0.23320699
21 30 5.862614 0.596508
21 47 13.49887 0.16397858
21 51 11.584055 0.25538683
25 26 1.3073541 3.1582105
25 30 3.2641044 3.2586396
25 47 9.420867 0.3912193
25 51 9.583318 0.28576785
26 30 1.4073756 56.070423
26 47 5.4137692 0.8861902
26 51 8.8492155 0.29486322
30 47 11.01563 0.29960638
30 51 13.651588 0.19922543
47 51 2.9494352 6.778439
